{"/Users/nathan/Turing/Mod4/twocents-fe/src/actions/index.js": {"path":"/Users/nathan/Turing/Mod4/twocents-fe/src/actions/index.js","statementMap":{"0":{"start":{"line":2,"column":26},"end":{"line":5,"column":2}},"1":{"start":{"line":2,"column":35},"end":{"line":5,"column":1}},"2":{"start":{"line":7,"column":37},"end":{"line":10,"column":2}},"3":{"start":{"line":7,"column":58},"end":{"line":10,"column":1}},"4":{"start":{"line":12,"column":34},"end":{"line":15,"column":2}},"5":{"start":{"line":12,"column":55},"end":{"line":15,"column":1}},"6":{"start":{"line":17,"column":31},"end":{"line":19,"column":2}},"7":{"start":{"line":17,"column":38},"end":{"line":19,"column":1}},"8":{"start":{"line":21,"column":26},"end":{"line":24,"column":2}},"9":{"start":{"line":21,"column":38},"end":{"line":24,"column":1}},"10":{"start":{"line":26,"column":26},"end":{"line":28,"column":2}},"11":{"start":{"line":26,"column":33},"end":{"line":28,"column":1}},"12":{"start":{"line":30,"column":31},"end":{"line":33,"column":2}},"13":{"start":{"line":30,"column":44},"end":{"line":33,"column":1}}},"fnMap":{"0":{"name":"(anonymous_0)","decl":{"start":{"line":2,"column":26},"end":{"line":2,"column":27}},"loc":{"start":{"line":2,"column":35},"end":{"line":5,"column":1}},"line":2},"1":{"name":"(anonymous_1)","decl":{"start":{"line":7,"column":37},"end":{"line":7,"column":38}},"loc":{"start":{"line":7,"column":58},"end":{"line":10,"column":1}},"line":7},"2":{"name":"(anonymous_2)","decl":{"start":{"line":12,"column":34},"end":{"line":12,"column":35}},"loc":{"start":{"line":12,"column":55},"end":{"line":15,"column":1}},"line":12},"3":{"name":"(anonymous_3)","decl":{"start":{"line":17,"column":31},"end":{"line":17,"column":32}},"loc":{"start":{"line":17,"column":38},"end":{"line":19,"column":1}},"line":17},"4":{"name":"(anonymous_4)","decl":{"start":{"line":21,"column":26},"end":{"line":21,"column":27}},"loc":{"start":{"line":21,"column":38},"end":{"line":24,"column":1}},"line":21},"5":{"name":"(anonymous_5)","decl":{"start":{"line":26,"column":26},"end":{"line":26,"column":27}},"loc":{"start":{"line":26,"column":33},"end":{"line":28,"column":1}},"line":26},"6":{"name":"(anonymous_6)","decl":{"start":{"line":30,"column":31},"end":{"line":30,"column":32}},"loc":{"start":{"line":30,"column":44},"end":{"line":33,"column":1}},"line":30}},"branchMap":{},"s":{"0":1,"1":0,"2":1,"3":0,"4":1,"5":0,"6":1,"7":0,"8":1,"9":0,"10":1,"11":0,"12":1,"13":0},"f":{"0":0,"1":0,"2":0,"3":0,"4":0,"5":0,"6":0},"b":{},"_coverageSchema":"43e27e138ebf9cfc5966b082cf9a028302ed4184","hash":"0216d4477a1c42c88c45235305797f69ca3a9eb9"}
,"/Users/nathan/Turing/Mod4/twocents-fe/src/components/AboutScreen/AboutScreen.js": {"path":"/Users/nathan/Turing/Mod4/twocents-fe/src/components/AboutScreen/AboutScreen.js","statementMap":{"0":{"start":{"line":5,"column":29},"end":{"line":13,"column":3}},"1":{"start":{"line":6,"column":4},"end":{"line":12,"column":6}},"2":{"start":{"line":16,"column":4},"end":{"line":39,"column":6}},"3":{"start":{"line":43,"column":15},"end":{"line":83,"column":2}}},"fnMap":{"0":{"name":"(anonymous_0)","decl":{"start":{"line":5,"column":29},"end":{"line":5,"column":30}},"loc":{"start":{"line":5,"column":49},"end":{"line":13,"column":3}},"line":5},"1":{"name":"(anonymous_1)","decl":{"start":{"line":15,"column":2},"end":{"line":15,"column":3}},"loc":{"start":{"line":15,"column":11},"end":{"line":40,"column":3}},"line":15}},"branchMap":{},"s":{"0":1,"1":0,"2":1,"3":1},"f":{"0":0,"1":1},"b":{},"_coverageSchema":"43e27e138ebf9cfc5966b082cf9a028302ed4184","hash":"e206ec100266d9bce2d63963e7a157ed097ebafb"}
,"/Users/nathan/Turing/Mod4/twocents-fe/src/components/CategoryScroll/CategoryScroll.js": {"path":"/Users/nathan/Turing/Mod4/twocents-fe/src/components/CategoryScroll/CategoryScroll.js","statementMap":{"0":{"start":{"line":7,"column":4},"end":{"line":7,"column":11}},"1":{"start":{"line":11,"column":28},"end":{"line":17,"column":6}},"2":{"start":{"line":12,"column":6},"end":{"line":16,"column":8}},"3":{"start":{"line":18,"column":4},"end":{"line":29,"column":5}},"4":{"start":{"line":33,"column":15},"end":{"line":42,"column":2}}},"fnMap":{"0":{"name":"(anonymous_0)","decl":{"start":{"line":6,"column":2},"end":{"line":6,"column":3}},"loc":{"start":{"line":6,"column":16},"end":{"line":8,"column":3}},"line":6},"1":{"name":"(anonymous_1)","decl":{"start":{"line":10,"column":2},"end":{"line":10,"column":3}},"loc":{"start":{"line":10,"column":11},"end":{"line":30,"column":3}},"line":10},"2":{"name":"(anonymous_2)","decl":{"start":{"line":11,"column":59},"end":{"line":11,"column":60}},"loc":{"start":{"line":12,"column":6},"end":{"line":16,"column":8}},"line":12}},"branchMap":{},"s":{"0":0,"1":0,"2":0,"3":0,"4":1},"f":{"0":0,"1":0,"2":0},"b":{},"_coverageSchema":"43e27e138ebf9cfc5966b082cf9a028302ed4184","hash":"2a4232907bd027c46801ce357d00f5c127efb2ee"}
,"/Users/nathan/Turing/Mod4/twocents-fe/src/components/HomeScreen/HomeScreen.js": {"path":"/Users/nathan/Turing/Mod4/twocents-fe/src/components/HomeScreen/HomeScreen.js","statementMap":{"0":{"start":{"line":10,"column":4},"end":{"line":10,"column":16}},"1":{"start":{"line":11,"column":4},"end":{"line":14,"column":5}},"2":{"start":{"line":18,"column":4},"end":{"line":26,"column":6}},"3":{"start":{"line":20,"column":25},"end":{"line":20,"column":65}},"4":{"start":{"line":21,"column":26},"end":{"line":21,"column":67}},"5":{"start":{"line":22,"column":8},"end":{"line":22,"column":57}},"6":{"start":{"line":24,"column":15},"end":{"line":24,"column":41}},"7":{"start":{"line":29,"column":29},"end":{"line":31,"column":3}},"8":{"start":{"line":34,"column":4},"end":{"line":34,"column":36}},"9":{"start":{"line":35,"column":4},"end":{"line":35,"column":31}},"10":{"start":{"line":38,"column":25},"end":{"line":44,"column":3}},"11":{"start":{"line":39,"column":4},"end":{"line":42,"column":8}},"12":{"start":{"line":41,"column":8},"end":{"line":41,"column":43}},"13":{"start":{"line":43,"column":4},"end":{"line":43,"column":27}},"14":{"start":{"line":46,"column":21},"end":{"line":57,"column":3}},"15":{"start":{"line":47,"column":25},"end":{"line":55,"column":10}},"16":{"start":{"line":48,"column":6},"end":{"line":53,"column":8}},"17":{"start":{"line":49,"column":8},"end":{"line":51,"column":9}},"18":{"start":{"line":50,"column":10},"end":{"line":50,"column":23}},"19":{"start":{"line":52,"column":8},"end":{"line":52,"column":26}},"20":{"start":{"line":54,"column":6},"end":{"line":54,"column":16}},"21":{"start":{"line":56,"column":4},"end":{"line":56,"column":45}},"22":{"start":{"line":60,"column":23},"end":{"line":67,"column":6}},"23":{"start":{"line":61,"column":6},"end":{"line":66,"column":8}},"24":{"start":{"line":68,"column":18},"end":{"line":68,"column":75}},"25":{"start":{"line":69,"column":4},"end":{"line":76,"column":6}},"26":{"start":{"line":80,"column":15},"end":{"line":101,"column":2}},"27":{"start":{"line":103,"column":24},"end":{"line":107,"column":2}},"28":{"start":{"line":103,"column":34},"end":{"line":107,"column":1}},"29":{"start":{"line":109,"column":27},"end":{"line":112,"column":2}},"30":{"start":{"line":109,"column":40},"end":{"line":112,"column":1}},"31":{"start":{"line":110,"column":31},"end":{"line":110,"column":64}},"32":{"start":{"line":111,"column":33},"end":{"line":111,"column":68}}},"fnMap":{"0":{"name":"(anonymous_0)","decl":{"start":{"line":9,"column":2},"end":{"line":9,"column":3}},"loc":{"start":{"line":9,"column":21},"end":{"line":15,"column":3}},"line":9},"1":{"name":"(anonymous_1)","decl":{"start":{"line":17,"column":2},"end":{"line":17,"column":3}},"loc":{"start":{"line":17,"column":22},"end":{"line":27,"column":3}},"line":17},"2":{"name":"(anonymous_2)","decl":{"start":{"line":19,"column":6},"end":{"line":19,"column":7}},"loc":{"start":{"line":19,"column":18},"end":{"line":23,"column":7}},"line":19},"3":{"name":"(anonymous_3)","decl":{"start":{"line":24,"column":6},"end":{"line":24,"column":7}},"loc":{"start":{"line":24,"column":15},"end":{"line":24,"column":41}},"line":24},"4":{"name":"(anonymous_4)","decl":{"start":{"line":33,"column":2},"end":{"line":33,"column":3}},"loc":{"start":{"line":33,"column":22},"end":{"line":36,"column":3}},"line":33},"5":{"name":"(anonymous_5)","decl":{"start":{"line":38,"column":25},"end":{"line":38,"column":26}},"loc":{"start":{"line":38,"column":37},"end":{"line":44,"column":3}},"line":38},"6":{"name":"(anonymous_6)","decl":{"start":{"line":40,"column":12},"end":{"line":40,"column":13}},"loc":{"start":{"line":40,"column":20},"end":{"line":42,"column":7}},"line":40},"7":{"name":"(anonymous_7)","decl":{"start":{"line":46,"column":21},"end":{"line":46,"column":22}},"loc":{"start":{"line":46,"column":27},"end":{"line":57,"column":3}},"line":46},"8":{"name":"(anonymous_8)","decl":{"start":{"line":47,"column":62},"end":{"line":47,"column":63}},"loc":{"start":{"line":47,"column":76},"end":{"line":55,"column":5}},"line":47},"9":{"name":"(anonymous_9)","decl":{"start":{"line":48,"column":29},"end":{"line":48,"column":30}},"loc":{"start":{"line":48,"column":36},"end":{"line":53,"column":7}},"line":48},"10":{"name":"(anonymous_10)","decl":{"start":{"line":59,"column":2},"end":{"line":59,"column":3}},"loc":{"start":{"line":59,"column":11},"end":{"line":77,"column":3}},"line":59},"11":{"name":"(anonymous_11)","decl":{"start":{"line":60,"column":65},"end":{"line":60,"column":66}},"loc":{"start":{"line":61,"column":6},"end":{"line":66,"column":8}},"line":61},"12":{"name":"(anonymous_12)","decl":{"start":{"line":103,"column":24},"end":{"line":103,"column":25}},"loc":{"start":{"line":103,"column":34},"end":{"line":107,"column":1}},"line":103},"13":{"name":"(anonymous_13)","decl":{"start":{"line":109,"column":27},"end":{"line":109,"column":28}},"loc":{"start":{"line":109,"column":40},"end":{"line":112,"column":1}},"line":109},"14":{"name":"(anonymous_14)","decl":{"start":{"line":110,"column":22},"end":{"line":110,"column":23}},"loc":{"start":{"line":110,"column":31},"end":{"line":110,"column":64}},"line":110},"15":{"name":"(anonymous_15)","decl":{"start":{"line":111,"column":19},"end":{"line":111,"column":20}},"loc":{"start":{"line":111,"column":33},"end":{"line":111,"column":68}},"line":111}},"branchMap":{"0":{"loc":{"start":{"line":49,"column":8},"end":{"line":51,"column":9}},"type":"if","locations":[{"start":{"line":49,"column":8},"end":{"line":51,"column":9}},{"start":{"line":49,"column":8},"end":{"line":51,"column":9}}],"line":49},"1":{"loc":{"start":{"line":72,"column":11},"end":{"line":72,"column":65}},"type":"binary-expr","locations":[{"start":{"line":72,"column":11},"end":{"line":72,"column":51}},{"start":{"line":72,"column":55},"end":{"line":72,"column":65}}],"line":72},"2":{"loc":{"start":{"line":73,"column":11},"end":{"line":73,"column":95}},"type":"binary-expr","locations":[{"start":{"line":73,"column":11},"end":{"line":73,"column":51}},{"start":{"line":73,"column":55},"end":{"line":73,"column":95}}],"line":73}},"s":{"0":2,"1":2,"2":2,"3":0,"4":0,"5":0,"6":0,"7":1,"8":2,"9":2,"10":2,"11":2,"12":0,"13":0,"14":2,"15":0,"16":0,"17":0,"18":0,"19":0,"20":0,"21":0,"22":2,"23":0,"24":2,"25":2,"26":1,"27":1,"28":0,"29":1,"30":0,"31":0,"32":0},"f":{"0":2,"1":2,"2":0,"3":0,"4":2,"5":2,"6":0,"7":0,"8":0,"9":0,"10":2,"11":0,"12":0,"13":0,"14":0,"15":0},"b":{"0":[0,0],"1":[2,0],"2":[2,2]},"_coverageSchema":"43e27e138ebf9cfc5966b082cf9a028302ed4184","hash":"04244bc53d2a8fa1249b39ffd29c363ebcdd1cc1"}
,"/Users/nathan/Turing/Mod4/twocents-fe/src/components/MenuScreen/MenuScreen.js": {"path":"/Users/nathan/Turing/Mod4/twocents-fe/src/components/MenuScreen/MenuScreen.js","statementMap":{"0":{"start":{"line":8,"column":4},"end":{"line":26,"column":6}},"1":{"start":{"line":11,"column":27},"end":{"line":11,"column":80}},"2":{"start":{"line":16,"column":27},"end":{"line":16,"column":84}},"3":{"start":{"line":21,"column":27},"end":{"line":21,"column":81}},"4":{"start":{"line":30,"column":15},"end":{"line":67,"column":2}}},"fnMap":{"0":{"name":"(anonymous_0)","decl":{"start":{"line":7,"column":2},"end":{"line":7,"column":3}},"loc":{"start":{"line":7,"column":11},"end":{"line":27,"column":3}},"line":7},"1":{"name":"(anonymous_1)","decl":{"start":{"line":11,"column":21},"end":{"line":11,"column":22}},"loc":{"start":{"line":11,"column":27},"end":{"line":11,"column":80}},"line":11},"2":{"name":"(anonymous_2)","decl":{"start":{"line":16,"column":21},"end":{"line":16,"column":22}},"loc":{"start":{"line":16,"column":27},"end":{"line":16,"column":84}},"line":16},"3":{"name":"(anonymous_3)","decl":{"start":{"line":21,"column":21},"end":{"line":21,"column":22}},"loc":{"start":{"line":21,"column":27},"end":{"line":21,"column":81}},"line":21}},"branchMap":{},"s":{"0":1,"1":0,"2":0,"3":0,"4":1},"f":{"0":1,"1":0,"2":0,"3":0},"b":{},"_coverageSchema":"43e27e138ebf9cfc5966b082cf9a028302ed4184","hash":"5030f3ab8ba786d503b1aaf0153c90ed445b12d7"}
,"/Users/nathan/Turing/Mod4/twocents-fe/src/components/MiniRec/MiniRec.js": {"path":"/Users/nathan/Turing/Mod4/twocents-fe/src/components/MiniRec/MiniRec.js","statementMap":{"0":{"start":{"line":7,"column":4},"end":{"line":7,"column":11}},"1":{"start":{"line":9,"column":29},"end":{"line":11,"column":3}},"2":{"start":{"line":14,"column":31},"end":{"line":14,"column":56}},"3":{"start":{"line":15,"column":4},"end":{"line":22,"column":5}},"4":{"start":{"line":16,"column":47},"end":{"line":16,"column":170}},"5":{"start":{"line":26,"column":15},"end":{"line":45,"column":2}}},"fnMap":{"0":{"name":"(anonymous_0)","decl":{"start":{"line":6,"column":2},"end":{"line":6,"column":3}},"loc":{"start":{"line":6,"column":16},"end":{"line":8,"column":3}},"line":6},"1":{"name":"(anonymous_1)","decl":{"start":{"line":13,"column":2},"end":{"line":13,"column":3}},"loc":{"start":{"line":13,"column":11},"end":{"line":23,"column":3}},"line":13},"2":{"name":"(anonymous_2)","decl":{"start":{"line":16,"column":41},"end":{"line":16,"column":42}},"loc":{"start":{"line":16,"column":47},"end":{"line":16,"column":170}},"line":16}},"branchMap":{},"s":{"0":0,"1":1,"2":0,"3":0,"4":0,"5":1},"f":{"0":0,"1":0,"2":0},"b":{},"_coverageSchema":"43e27e138ebf9cfc5966b082cf9a028302ed4184","hash":"25614d4d6506027afb59925b011dfc6e88deeba9"}
,"/Users/nathan/Turing/Mod4/twocents-fe/src/components/SearchBar/SearchBar.js": {"path":"/Users/nathan/Turing/Mod4/twocents-fe/src/components/SearchBar/SearchBar.js","statementMap":{"0":{"start":{"line":6,"column":4},"end":{"line":6,"column":16}},"1":{"start":{"line":7,"column":4},"end":{"line":9,"column":5}},"2":{"start":{"line":12,"column":25},"end":{"line":14,"column":5}},"3":{"start":{"line":13,"column":6},"end":{"line":13,"column":41}},"4":{"start":{"line":15,"column":25},"end":{"line":18,"column":5}},"5":{"start":{"line":16,"column":6},"end":{"line":16,"column":32}},"6":{"start":{"line":17,"column":6},"end":{"line":17,"column":51}},"7":{"start":{"line":21,"column":4},"end":{"line":32,"column":6}},"8":{"start":{"line":36,"column":15},"end":{"line":49,"column":2}}},"fnMap":{"0":{"name":"(anonymous_0)","decl":{"start":{"line":5,"column":2},"end":{"line":5,"column":3}},"loc":{"start":{"line":5,"column":21},"end":{"line":10,"column":3}},"line":5},"1":{"name":"(anonymous_1)","decl":{"start":{"line":11,"column":2},"end":{"line":11,"column":3}},"loc":{"start":{"line":11,"column":11},"end":{"line":33,"column":3}},"line":11},"2":{"name":"(anonymous_2)","decl":{"start":{"line":12,"column":25},"end":{"line":12,"column":26}},"loc":{"start":{"line":12,"column":40},"end":{"line":14,"column":5}},"line":12},"3":{"name":"(anonymous_3)","decl":{"start":{"line":15,"column":25},"end":{"line":15,"column":26}},"loc":{"start":{"line":15,"column":31},"end":{"line":18,"column":5}},"line":15}},"branchMap":{},"s":{"0":1,"1":1,"2":1,"3":0,"4":1,"5":0,"6":0,"7":1,"8":2},"f":{"0":1,"1":1,"2":0,"3":0},"b":{},"_coverageSchema":"43e27e138ebf9cfc5966b082cf9a028302ed4184","hash":"34b541cc09b1c8400a29725b3d844ff7d95037a9"}
,"/Users/nathan/Turing/Mod4/twocents-fe/src/components/SearchBar/SearchBarCallAPI.js": {"path":"/Users/nathan/Turing/Mod4/twocents-fe/src/components/SearchBar/SearchBarCallAPI.js","statementMap":{"0":{"start":{"line":7,"column":4},"end":{"line":7,"column":16}},"1":{"start":{"line":8,"column":4},"end":{"line":12,"column":5}},"2":{"start":{"line":15,"column":21},"end":{"line":17,"column":3}},"3":{"start":{"line":16,"column":4},"end":{"line":16,"column":38}},"4":{"start":{"line":19,"column":24},"end":{"line":21,"column":3}},"5":{"start":{"line":20,"column":4},"end":{"line":20,"column":41}},"6":{"start":{"line":23,"column":17},"end":{"line":34,"column":3}},"7":{"start":{"line":24,"column":4},"end":{"line":32,"column":5}},"8":{"start":{"line":25,"column":6},"end":{"line":25,"column":54}},"9":{"start":{"line":27,"column":6},"end":{"line":31,"column":7}},"10":{"start":{"line":28,"column":8},"end":{"line":28,"column":109}},"11":{"start":{"line":30,"column":8},"end":{"line":30,"column":74}},"12":{"start":{"line":33,"column":4},"end":{"line":33,"column":58}},"13":{"start":{"line":37,"column":4},"end":{"line":56,"column":6}},"14":{"start":{"line":60,"column":15},"end":{"line":73,"column":2}},"15":{"start":{"line":75,"column":24},"end":{"line":77,"column":2}},"16":{"start":{"line":75,"column":34},"end":{"line":77,"column":1}}},"fnMap":{"0":{"name":"(anonymous_0)","decl":{"start":{"line":6,"column":2},"end":{"line":6,"column":3}},"loc":{"start":{"line":6,"column":21},"end":{"line":13,"column":3}},"line":6},"1":{"name":"(anonymous_1)","decl":{"start":{"line":15,"column":21},"end":{"line":15,"column":22}},"loc":{"start":{"line":15,"column":36},"end":{"line":17,"column":3}},"line":15},"2":{"name":"(anonymous_2)","decl":{"start":{"line":19,"column":24},"end":{"line":19,"column":25}},"loc":{"start":{"line":19,"column":39},"end":{"line":21,"column":3}},"line":19},"3":{"name":"(anonymous_3)","decl":{"start":{"line":23,"column":17},"end":{"line":23,"column":18}},"loc":{"start":{"line":23,"column":23},"end":{"line":34,"column":3}},"line":23},"4":{"name":"(anonymous_4)","decl":{"start":{"line":36,"column":2},"end":{"line":36,"column":3}},"loc":{"start":{"line":36,"column":11},"end":{"line":57,"column":3}},"line":36},"5":{"name":"(anonymous_5)","decl":{"start":{"line":75,"column":24},"end":{"line":75,"column":25}},"loc":{"start":{"line":75,"column":34},"end":{"line":77,"column":1}},"line":75}},"branchMap":{"0":{"loc":{"start":{"line":24,"column":4},"end":{"line":32,"column":5}},"type":"if","locations":[{"start":{"line":24,"column":4},"end":{"line":32,"column":5}},{"start":{"line":24,"column":4},"end":{"line":32,"column":5}}],"line":24},"1":{"loc":{"start":{"line":24,"column":7},"end":{"line":24,"column":46}},"type":"binary-expr","locations":[{"start":{"line":24,"column":7},"end":{"line":24,"column":23}},{"start":{"line":24,"column":27},"end":{"line":24,"column":46}}],"line":24},"2":{"loc":{"start":{"line":27,"column":6},"end":{"line":31,"column":7}},"type":"if","locations":[{"start":{"line":27,"column":6},"end":{"line":31,"column":7}},{"start":{"line":27,"column":6},"end":{"line":31,"column":7}}],"line":27}},"s":{"0":1,"1":1,"2":1,"3":0,"4":1,"5":0,"6":1,"7":0,"8":0,"9":0,"10":0,"11":0,"12":0,"13":1,"14":2,"15":2,"16":0},"f":{"0":1,"1":0,"2":0,"3":0,"4":1,"5":0},"b":{"0":[0,0],"1":[0,0],"2":[0,0]},"_coverageSchema":"43e27e138ebf9cfc5966b082cf9a028302ed4184","hash":"35ecfaf021b980c17df0e68edf7435dc3a251c15"}
,"/Users/nathan/Turing/Mod4/twocents-fe/src/components/SearchScreen/SearchScreen.js": {"path":"/Users/nathan/Turing/Mod4/twocents-fe/src/components/SearchScreen/SearchScreen.js","statementMap":{"0":{"start":{"line":9,"column":4},"end":{"line":9,"column":12}},"1":{"start":{"line":10,"column":4},"end":{"line":15,"column":5}},"2":{"start":{"line":18,"column":21},"end":{"line":24,"column":3}},"3":{"start":{"line":19,"column":24},"end":{"line":19,"column":121}},"4":{"start":{"line":19,"column":68},"end":{"line":19,"column":120}},"5":{"start":{"line":20,"column":4},"end":{"line":20,"column":34}},"6":{"start":{"line":21,"column":4},"end":{"line":23,"column":5}},"7":{"start":{"line":22,"column":8},"end":{"line":22,"column":54}},"8":{"start":{"line":26,"column":33},"end":{"line":42,"column":3}},"9":{"start":{"line":27,"column":4},"end":{"line":41,"column":43}},"10":{"start":{"line":29,"column":6},"end":{"line":33,"column":7}},"11":{"start":{"line":30,"column":8},"end":{"line":30,"column":47}},"12":{"start":{"line":30,"column":24},"end":{"line":30,"column":46}},"13":{"start":{"line":32,"column":8},"end":{"line":32,"column":30}},"14":{"start":{"line":35,"column":18},"end":{"line":35,"column":54}},"15":{"start":{"line":37,"column":6},"end":{"line":39,"column":7}},"16":{"start":{"line":38,"column":8},"end":{"line":38,"column":54}},"17":{"start":{"line":41,"column":20},"end":{"line":41,"column":42}},"18":{"start":{"line":44,"column":32},"end":{"line":60,"column":3}},"19":{"start":{"line":45,"column":4},"end":{"line":59,"column":43}},"20":{"start":{"line":47,"column":6},"end":{"line":51,"column":7}},"21":{"start":{"line":48,"column":8},"end":{"line":48,"column":47}},"22":{"start":{"line":48,"column":24},"end":{"line":48,"column":46}},"23":{"start":{"line":50,"column":8},"end":{"line":50,"column":30}},"24":{"start":{"line":53,"column":18},"end":{"line":53,"column":54}},"25":{"start":{"line":55,"column":6},"end":{"line":57,"column":7}},"26":{"start":{"line":56,"column":8},"end":{"line":56,"column":54}},"27":{"start":{"line":59,"column":20},"end":{"line":59,"column":42}},"28":{"start":{"line":64,"column":21},"end":{"line":70,"column":26}},"29":{"start":{"line":65,"column":4},"end":{"line":70,"column":25}},"30":{"start":{"line":68,"column":6},"end":{"line":68,"column":79}},"31":{"start":{"line":72,"column":4},"end":{"line":76,"column":5}},"32":{"start":{"line":73,"column":6},"end":{"line":73,"column":72}},"33":{"start":{"line":75,"column":6},"end":{"line":75,"column":143}},"34":{"start":{"line":77,"column":4},"end":{"line":99,"column":6}},"35":{"start":{"line":80,"column":43},"end":{"line":80,"column":111}},"36":{"start":{"line":83,"column":43},"end":{"line":83,"column":112}},"37":{"start":{"line":103,"column":15},"end":{"line":145,"column":2}},"38":{"start":{"line":147,"column":31},"end":{"line":150,"column":2}},"39":{"start":{"line":147,"column":41},"end":{"line":150,"column":1}}},"fnMap":{"0":{"name":"(anonymous_0)","decl":{"start":{"line":8,"column":2},"end":{"line":8,"column":3}},"loc":{"start":{"line":8,"column":15},"end":{"line":16,"column":3}},"line":8},"1":{"name":"(anonymous_1)","decl":{"start":{"line":18,"column":21},"end":{"line":18,"column":22}},"loc":{"start":{"line":18,"column":32},"end":{"line":24,"column":3}},"line":18},"2":{"name":"(anonymous_2)","decl":{"start":{"line":19,"column":61},"end":{"line":19,"column":62}},"loc":{"start":{"line":19,"column":68},"end":{"line":19,"column":120}},"line":19},"3":{"name":"(anonymous_3)","decl":{"start":{"line":26,"column":33},"end":{"line":26,"column":34}},"loc":{"start":{"line":26,"column":58},"end":{"line":42,"column":3}},"line":26},"4":{"name":"(anonymous_4)","decl":{"start":{"line":28,"column":10},"end":{"line":28,"column":11}},"loc":{"start":{"line":28,"column":22},"end":{"line":34,"column":5}},"line":28},"5":{"name":"(anonymous_5)","decl":{"start":{"line":30,"column":15},"end":{"line":30,"column":16}},"loc":{"start":{"line":30,"column":24},"end":{"line":30,"column":46}},"line":30},"6":{"name":"(anonymous_6)","decl":{"start":{"line":35,"column":10},"end":{"line":35,"column":11}},"loc":{"start":{"line":35,"column":18},"end":{"line":35,"column":54}},"line":35},"7":{"name":"(anonymous_7)","decl":{"start":{"line":36,"column":10},"end":{"line":36,"column":11}},"loc":{"start":{"line":36,"column":15},"end":{"line":40,"column":5}},"line":36},"8":{"name":"(anonymous_8)","decl":{"start":{"line":41,"column":11},"end":{"line":41,"column":12}},"loc":{"start":{"line":41,"column":20},"end":{"line":41,"column":42}},"line":41},"9":{"name":"(anonymous_9)","decl":{"start":{"line":44,"column":32},"end":{"line":44,"column":33}},"loc":{"start":{"line":44,"column":59},"end":{"line":60,"column":3}},"line":44},"10":{"name":"(anonymous_10)","decl":{"start":{"line":46,"column":10},"end":{"line":46,"column":11}},"loc":{"start":{"line":46,"column":22},"end":{"line":52,"column":5}},"line":46},"11":{"name":"(anonymous_11)","decl":{"start":{"line":48,"column":15},"end":{"line":48,"column":16}},"loc":{"start":{"line":48,"column":24},"end":{"line":48,"column":46}},"line":48},"12":{"name":"(anonymous_12)","decl":{"start":{"line":53,"column":10},"end":{"line":53,"column":11}},"loc":{"start":{"line":53,"column":18},"end":{"line":53,"column":54}},"line":53},"13":{"name":"(anonymous_13)","decl":{"start":{"line":54,"column":10},"end":{"line":54,"column":11}},"loc":{"start":{"line":54,"column":15},"end":{"line":58,"column":5}},"line":54},"14":{"name":"(anonymous_14)","decl":{"start":{"line":59,"column":11},"end":{"line":59,"column":12}},"loc":{"start":{"line":59,"column":20},"end":{"line":59,"column":42}},"line":59},"15":{"name":"(anonymous_15)","decl":{"start":{"line":62,"column":2},"end":{"line":62,"column":3}},"loc":{"start":{"line":62,"column":11},"end":{"line":100,"column":3}},"line":62},"16":{"name":"(anonymous_16)","decl":{"start":{"line":64,"column":50},"end":{"line":64,"column":51}},"loc":{"start":{"line":65,"column":4},"end":{"line":70,"column":25}},"line":65},"17":{"name":"(anonymous_17)","decl":{"start":{"line":67,"column":15},"end":{"line":67,"column":16}},"loc":{"start":{"line":67,"column":21},"end":{"line":68,"column":80}},"line":67},"18":{"name":"(anonymous_18)","decl":{"start":{"line":80,"column":37},"end":{"line":80,"column":38}},"loc":{"start":{"line":80,"column":43},"end":{"line":80,"column":111}},"line":80},"19":{"name":"(anonymous_19)","decl":{"start":{"line":83,"column":37},"end":{"line":83,"column":38}},"loc":{"start":{"line":83,"column":43},"end":{"line":83,"column":112}},"line":83},"20":{"name":"(anonymous_20)","decl":{"start":{"line":147,"column":31},"end":{"line":147,"column":32}},"loc":{"start":{"line":147,"column":41},"end":{"line":150,"column":1}},"line":147}},"branchMap":{"0":{"loc":{"start":{"line":21,"column":4},"end":{"line":23,"column":5}},"type":"if","locations":[{"start":{"line":21,"column":4},"end":{"line":23,"column":5}},{"start":{"line":21,"column":4},"end":{"line":23,"column":5}}],"line":21},"1":{"loc":{"start":{"line":29,"column":6},"end":{"line":33,"column":7}},"type":"if","locations":[{"start":{"line":29,"column":6},"end":{"line":33,"column":7}},{"start":{"line":29,"column":6},"end":{"line":33,"column":7}}],"line":29},"2":{"loc":{"start":{"line":37,"column":6},"end":{"line":39,"column":7}},"type":"if","locations":[{"start":{"line":37,"column":6},"end":{"line":39,"column":7}},{"start":{"line":37,"column":6},"end":{"line":39,"column":7}}],"line":37},"3":{"loc":{"start":{"line":47,"column":6},"end":{"line":51,"column":7}},"type":"if","locations":[{"start":{"line":47,"column":6},"end":{"line":51,"column":7}},{"start":{"line":47,"column":6},"end":{"line":51,"column":7}}],"line":47},"4":{"loc":{"start":{"line":55,"column":6},"end":{"line":57,"column":7}},"type":"if","locations":[{"start":{"line":55,"column":6},"end":{"line":57,"column":7}},{"start":{"line":55,"column":6},"end":{"line":57,"column":7}}],"line":55},"5":{"loc":{"start":{"line":72,"column":4},"end":{"line":76,"column":5}},"type":"if","locations":[{"start":{"line":72,"column":4},"end":{"line":76,"column":5}},{"start":{"line":72,"column":4},"end":{"line":76,"column":5}}],"line":72},"6":{"loc":{"start":{"line":81,"column":26},"end":{"line":81,"column":103}},"type":"cond-expr","locations":[{"start":{"line":81,"column":62},"end":{"line":81,"column":79}},{"start":{"line":81,"column":82},"end":{"line":81,"column":103}}],"line":81},"7":{"loc":{"start":{"line":84,"column":26},"end":{"line":84,"column":103}},"type":"cond-expr","locations":[{"start":{"line":84,"column":62},"end":{"line":84,"column":83}},{"start":{"line":84,"column":86},"end":{"line":84,"column":103}}],"line":84},"8":{"loc":{"start":{"line":92,"column":13},"end":{"line":94,"column":26}},"type":"cond-expr","locations":[{"start":{"line":93,"column":16},"end":{"line":93,"column":79}},{"start":{"line":94,"column":16},"end":{"line":94,"column":26}}],"line":92},"9":{"loc":{"start":{"line":92,"column":13},"end":{"line":92,"column":69}},"type":"binary-expr","locations":[{"start":{"line":92,"column":13},"end":{"line":92,"column":33}},{"start":{"line":92,"column":37},"end":{"line":92,"column":69}}],"line":92}},"s":{"0":1,"1":1,"2":1,"3":0,"4":0,"5":0,"6":0,"7":0,"8":1,"9":0,"10":0,"11":0,"12":0,"13":0,"14":0,"15":0,"16":0,"17":0,"18":1,"19":0,"20":0,"21":0,"22":0,"23":0,"24":0,"25":0,"26":0,"27":0,"28":1,"29":0,"30":0,"31":1,"32":1,"33":0,"34":1,"35":0,"36":0,"37":1,"38":1,"39":0},"f":{"0":1,"1":0,"2":0,"3":0,"4":0,"5":0,"6":0,"7":0,"8":0,"9":0,"10":0,"11":0,"12":0,"13":0,"14":0,"15":1,"16":0,"17":0,"18":0,"19":0,"20":0},"b":{"0":[0,0],"1":[0,0],"2":[0,0],"3":[0,0],"4":[0,0],"5":[1,0],"6":[0,1],"7":[0,1],"8":[0,1],"9":[1,0]},"_coverageSchema":"43e27e138ebf9cfc5966b082cf9a028302ed4184","hash":"915a635d6d5554bc1d52f9ed240d929689e6e0a4"}
,"/Users/nathan/Turing/Mod4/twocents-fe/src/components/SettingsScreen/SettingsScreen.js": {"path":"/Users/nathan/Turing/Mod4/twocents-fe/src/components/SettingsScreen/SettingsScreen.js","statementMap":{"0":{"start":{"line":5,"column":29},"end":{"line":13,"column":3}},"1":{"start":{"line":6,"column":4},"end":{"line":12,"column":6}},"2":{"start":{"line":16,"column":4},"end":{"line":20,"column":6}},"3":{"start":{"line":24,"column":15},"end":{"line":35,"column":2}}},"fnMap":{"0":{"name":"(anonymous_0)","decl":{"start":{"line":5,"column":29},"end":{"line":5,"column":30}},"loc":{"start":{"line":5,"column":49},"end":{"line":13,"column":3}},"line":5},"1":{"name":"(anonymous_1)","decl":{"start":{"line":15,"column":2},"end":{"line":15,"column":3}},"loc":{"start":{"line":15,"column":11},"end":{"line":21,"column":3}},"line":15}},"branchMap":{},"s":{"0":1,"1":0,"2":1,"3":1},"f":{"0":0,"1":1},"b":{},"_coverageSchema":"43e27e138ebf9cfc5966b082cf9a028302ed4184","hash":"f9a11aff5a486cf80165b4ed141f176667f46b2a"}
,"/Users/nathan/Turing/Mod4/twocents-fe/src/images/Yelp_trademark_RGB_outline.png": {"path":"/Users/nathan/Turing/Mod4/twocents-fe/src/images/Yelp_trademark_RGB_outline.png","statementMap":{"0":{"start":{"line":1,"column":0},"end":{"line":4,"column":6}}},"fnMap":{},"branchMap":{},"s":{"0":1},"f":{},"b":{},"_coverageSchema":"43e27e138ebf9cfc5966b082cf9a028302ed4184","hash":"2eb27620f111fe07a4ac65a823346d7f6c714130"}
,"/Users/nathan/Turing/Mod4/twocents-fe/src/images/twocents-logo.png": {"path":"/Users/nathan/Turing/Mod4/twocents-fe/src/images/twocents-logo.png","statementMap":{"0":{"start":{"line":1,"column":0},"end":{"line":4,"column":6}}},"fnMap":{},"branchMap":{},"s":{"0":1},"f":{},"b":{},"_coverageSchema":"43e27e138ebf9cfc5966b082cf9a028302ed4184","hash":"d238ab26f835fdaf5ce28b6f82cc3e5ee211d352"}
,"/Users/nathan/Turing/Mod4/twocents-fe/utils/APICalls.js": {"path":"/Users/nathan/Turing/Mod4/twocents-fe/utils/APICalls.js","statementMap":{"0":{"start":{"line":3,"column":37},"end":{"line":11,"column":1}},"1":{"start":{"line":4,"column":2},"end":{"line":10,"column":23}},"2":{"start":{"line":6,"column":6},"end":{"line":8,"column":36}},"3":{"start":{"line":7,"column":8},"end":{"line":7,"column":25}},"4":{"start":{"line":8,"column":15},"end":{"line":8,"column":35}},"5":{"start":{"line":10,"column":18},"end":{"line":10,"column":22}}},"fnMap":{"0":{"name":"(anonymous_0)","decl":{"start":{"line":3,"column":37},"end":{"line":3,"column":38}},"loc":{"start":{"line":3,"column":52},"end":{"line":11,"column":1}},"line":3},"1":{"name":"(anonymous_1)","decl":{"start":{"line":5,"column":10},"end":{"line":5,"column":11}},"loc":{"start":{"line":5,"column":17},"end":{"line":9,"column":5}},"line":5},"2":{"name":"(anonymous_2)","decl":{"start":{"line":10,"column":10},"end":{"line":10,"column":11}},"loc":{"start":{"line":10,"column":18},"end":{"line":10,"column":22}},"line":10}},"branchMap":{"0":{"loc":{"start":{"line":6,"column":6},"end":{"line":8,"column":36}},"type":"if","locations":[{"start":{"line":6,"column":6},"end":{"line":8,"column":36}},{"start":{"line":6,"column":6},"end":{"line":8,"column":36}}],"line":6}},"s":{"0":2,"1":3,"2":3,"3":2,"4":1,"5":2},"f":{"0":3,"1":3,"2":2},"b":{"0":[2,1]},"_coverageSchema":"43e27e138ebf9cfc5966b082cf9a028302ed4184","hash":"a63a48a2bff38de509fe9bc658c2ba97095a13e7"}
}
