{"/Users/nathan/Turing/Mod4/twocents-fe/src/actions/index.js": {"path":"/Users/nathan/Turing/Mod4/twocents-fe/src/actions/index.js","statementMap":{"0":{"start":{"line":2,"column":26},"end":{"line":5,"column":2}},"1":{"start":{"line":2,"column":40},"end":{"line":5,"column":1}},"2":{"start":{"line":7,"column":37},"end":{"line":10,"column":2}},"3":{"start":{"line":7,"column":58},"end":{"line":10,"column":1}},"4":{"start":{"line":12,"column":34},"end":{"line":15,"column":2}},"5":{"start":{"line":12,"column":55},"end":{"line":15,"column":1}},"6":{"start":{"line":17,"column":31},"end":{"line":19,"column":2}},"7":{"start":{"line":17,"column":38},"end":{"line":19,"column":1}},"8":{"start":{"line":21,"column":26},"end":{"line":24,"column":2}},"9":{"start":{"line":21,"column":38},"end":{"line":24,"column":1}},"10":{"start":{"line":26,"column":26},"end":{"line":28,"column":2}},"11":{"start":{"line":26,"column":33},"end":{"line":28,"column":1}},"12":{"start":{"line":30,"column":31},"end":{"line":33,"column":2}},"13":{"start":{"line":30,"column":44},"end":{"line":33,"column":1}}},"fnMap":{"0":{"name":"(anonymous_0)","decl":{"start":{"line":2,"column":26},"end":{"line":2,"column":27}},"loc":{"start":{"line":2,"column":40},"end":{"line":5,"column":1}},"line":2},"1":{"name":"(anonymous_1)","decl":{"start":{"line":7,"column":37},"end":{"line":7,"column":38}},"loc":{"start":{"line":7,"column":58},"end":{"line":10,"column":1}},"line":7},"2":{"name":"(anonymous_2)","decl":{"start":{"line":12,"column":34},"end":{"line":12,"column":35}},"loc":{"start":{"line":12,"column":55},"end":{"line":15,"column":1}},"line":12},"3":{"name":"(anonymous_3)","decl":{"start":{"line":17,"column":31},"end":{"line":17,"column":32}},"loc":{"start":{"line":17,"column":38},"end":{"line":19,"column":1}},"line":17},"4":{"name":"(anonymous_4)","decl":{"start":{"line":21,"column":26},"end":{"line":21,"column":27}},"loc":{"start":{"line":21,"column":38},"end":{"line":24,"column":1}},"line":21},"5":{"name":"(anonymous_5)","decl":{"start":{"line":26,"column":26},"end":{"line":26,"column":27}},"loc":{"start":{"line":26,"column":33},"end":{"line":28,"column":1}},"line":26},"6":{"name":"(anonymous_6)","decl":{"start":{"line":30,"column":31},"end":{"line":30,"column":32}},"loc":{"start":{"line":30,"column":44},"end":{"line":33,"column":1}},"line":30}},"branchMap":{},"s":{"0":2,"1":0,"2":2,"3":0,"4":2,"5":0,"6":2,"7":0,"8":2,"9":0,"10":2,"11":0,"12":2,"13":0},"f":{"0":0,"1":0,"2":0,"3":0,"4":0,"5":0,"6":0},"b":{},"_coverageSchema":"43e27e138ebf9cfc5966b082cf9a028302ed4184","hash":"83f6129274508057c2dfe13a18cee5d747a5a129"}
,"/Users/nathan/Turing/Mod4/twocents-fe/src/components/AboutScreen/AboutScreen.js": {"path":"/Users/nathan/Turing/Mod4/twocents-fe/src/components/AboutScreen/AboutScreen.js","statementMap":{"0":{"start":{"line":5,"column":29},"end":{"line":13,"column":3}},"1":{"start":{"line":6,"column":4},"end":{"line":12,"column":6}},"2":{"start":{"line":16,"column":4},"end":{"line":39,"column":6}},"3":{"start":{"line":43,"column":15},"end":{"line":83,"column":2}}},"fnMap":{"0":{"name":"(anonymous_0)","decl":{"start":{"line":5,"column":29},"end":{"line":5,"column":30}},"loc":{"start":{"line":5,"column":49},"end":{"line":13,"column":3}},"line":5},"1":{"name":"(anonymous_1)","decl":{"start":{"line":15,"column":2},"end":{"line":15,"column":3}},"loc":{"start":{"line":15,"column":11},"end":{"line":40,"column":3}},"line":15}},"branchMap":{},"s":{"0":1,"1":0,"2":1,"3":1},"f":{"0":0,"1":1},"b":{},"_coverageSchema":"43e27e138ebf9cfc5966b082cf9a028302ed4184","hash":"e206ec100266d9bce2d63963e7a157ed097ebafb"}
,"/Users/nathan/Turing/Mod4/twocents-fe/src/components/CategoryScroll/CategoryScroll.js": {"path":"/Users/nathan/Turing/Mod4/twocents-fe/src/components/CategoryScroll/CategoryScroll.js","statementMap":{"0":{"start":{"line":7,"column":4},"end":{"line":7,"column":11}},"1":{"start":{"line":11,"column":28},"end":{"line":17,"column":6}},"2":{"start":{"line":12,"column":6},"end":{"line":16,"column":8}},"3":{"start":{"line":18,"column":4},"end":{"line":29,"column":5}},"4":{"start":{"line":33,"column":15},"end":{"line":42,"column":2}}},"fnMap":{"0":{"name":"(anonymous_0)","decl":{"start":{"line":6,"column":2},"end":{"line":6,"column":3}},"loc":{"start":{"line":6,"column":16},"end":{"line":8,"column":3}},"line":6},"1":{"name":"(anonymous_1)","decl":{"start":{"line":10,"column":2},"end":{"line":10,"column":3}},"loc":{"start":{"line":10,"column":11},"end":{"line":30,"column":3}},"line":10},"2":{"name":"(anonymous_2)","decl":{"start":{"line":11,"column":59},"end":{"line":11,"column":60}},"loc":{"start":{"line":12,"column":6},"end":{"line":16,"column":8}},"line":12}},"branchMap":{},"s":{"0":0,"1":0,"2":0,"3":0,"4":1},"f":{"0":0,"1":0,"2":0},"b":{},"_coverageSchema":"43e27e138ebf9cfc5966b082cf9a028302ed4184","hash":"2a4232907bd027c46801ce357d00f5c127efb2ee"}
,"/Users/nathan/Turing/Mod4/twocents-fe/src/components/HomeScreen/HomeScreen.js": {"path":"/Users/nathan/Turing/Mod4/twocents-fe/src/components/HomeScreen/HomeScreen.js","statementMap":{"0":{"start":{"line":10,"column":4},"end":{"line":10,"column":16}},"1":{"start":{"line":11,"column":4},"end":{"line":14,"column":5}},"2":{"start":{"line":18,"column":4},"end":{"line":26,"column":6}},"3":{"start":{"line":20,"column":25},"end":{"line":20,"column":65}},"4":{"start":{"line":21,"column":26},"end":{"line":21,"column":67}},"5":{"start":{"line":22,"column":8},"end":{"line":22,"column":57}},"6":{"start":{"line":24,"column":15},"end":{"line":24,"column":41}},"7":{"start":{"line":29,"column":29},"end":{"line":31,"column":3}},"8":{"start":{"line":34,"column":4},"end":{"line":34,"column":31}},"9":{"start":{"line":37,"column":25},"end":{"line":41,"column":3}},"10":{"start":{"line":38,"column":4},"end":{"line":39,"column":56}},"11":{"start":{"line":39,"column":20},"end":{"line":39,"column":55}},"12":{"start":{"line":40,"column":4},"end":{"line":40,"column":27}},"13":{"start":{"line":43,"column":21},"end":{"line":55,"column":3}},"14":{"start":{"line":44,"column":4},"end":{"line":44,"column":66}},"15":{"start":{"line":45,"column":25},"end":{"line":53,"column":10}},"16":{"start":{"line":46,"column":6},"end":{"line":51,"column":8}},"17":{"start":{"line":47,"column":8},"end":{"line":49,"column":9}},"18":{"start":{"line":48,"column":10},"end":{"line":48,"column":23}},"19":{"start":{"line":50,"column":8},"end":{"line":50,"column":26}},"20":{"start":{"line":52,"column":6},"end":{"line":52,"column":16}},"21":{"start":{"line":54,"column":4},"end":{"line":54,"column":45}},"22":{"start":{"line":58,"column":23},"end":{"line":65,"column":6}},"23":{"start":{"line":59,"column":6},"end":{"line":64,"column":8}},"24":{"start":{"line":66,"column":18},"end":{"line":66,"column":75}},"25":{"start":{"line":67,"column":4},"end":{"line":74,"column":6}},"26":{"start":{"line":78,"column":15},"end":{"line":99,"column":2}},"27":{"start":{"line":101,"column":24},"end":{"line":104,"column":2}},"28":{"start":{"line":101,"column":34},"end":{"line":104,"column":1}},"29":{"start":{"line":106,"column":27},"end":{"line":109,"column":2}},"30":{"start":{"line":106,"column":40},"end":{"line":109,"column":1}},"31":{"start":{"line":107,"column":31},"end":{"line":107,"column":64}},"32":{"start":{"line":108,"column":33},"end":{"line":108,"column":68}}},"fnMap":{"0":{"name":"(anonymous_0)","decl":{"start":{"line":9,"column":2},"end":{"line":9,"column":3}},"loc":{"start":{"line":9,"column":21},"end":{"line":15,"column":3}},"line":9},"1":{"name":"(anonymous_1)","decl":{"start":{"line":17,"column":2},"end":{"line":17,"column":3}},"loc":{"start":{"line":17,"column":22},"end":{"line":27,"column":3}},"line":17},"2":{"name":"(anonymous_2)","decl":{"start":{"line":19,"column":6},"end":{"line":19,"column":7}},"loc":{"start":{"line":19,"column":18},"end":{"line":23,"column":7}},"line":19},"3":{"name":"(anonymous_3)","decl":{"start":{"line":24,"column":6},"end":{"line":24,"column":7}},"loc":{"start":{"line":24,"column":15},"end":{"line":24,"column":41}},"line":24},"4":{"name":"(anonymous_4)","decl":{"start":{"line":33,"column":2},"end":{"line":33,"column":3}},"loc":{"start":{"line":33,"column":22},"end":{"line":35,"column":3}},"line":33},"5":{"name":"(anonymous_5)","decl":{"start":{"line":37,"column":25},"end":{"line":37,"column":26}},"loc":{"start":{"line":37,"column":37},"end":{"line":41,"column":3}},"line":37},"6":{"name":"(anonymous_6)","decl":{"start":{"line":39,"column":12},"end":{"line":39,"column":13}},"loc":{"start":{"line":39,"column":20},"end":{"line":39,"column":55}},"line":39},"7":{"name":"(anonymous_7)","decl":{"start":{"line":43,"column":21},"end":{"line":43,"column":22}},"loc":{"start":{"line":43,"column":27},"end":{"line":55,"column":3}},"line":43},"8":{"name":"(anonymous_8)","decl":{"start":{"line":45,"column":62},"end":{"line":45,"column":63}},"loc":{"start":{"line":45,"column":76},"end":{"line":53,"column":5}},"line":45},"9":{"name":"(anonymous_9)","decl":{"start":{"line":46,"column":29},"end":{"line":46,"column":30}},"loc":{"start":{"line":46,"column":36},"end":{"line":51,"column":7}},"line":46},"10":{"name":"(anonymous_10)","decl":{"start":{"line":57,"column":2},"end":{"line":57,"column":3}},"loc":{"start":{"line":57,"column":11},"end":{"line":75,"column":3}},"line":57},"11":{"name":"(anonymous_11)","decl":{"start":{"line":58,"column":65},"end":{"line":58,"column":66}},"loc":{"start":{"line":59,"column":6},"end":{"line":64,"column":8}},"line":59},"12":{"name":"(anonymous_12)","decl":{"start":{"line":101,"column":24},"end":{"line":101,"column":25}},"loc":{"start":{"line":101,"column":34},"end":{"line":104,"column":1}},"line":101},"13":{"name":"(anonymous_13)","decl":{"start":{"line":106,"column":27},"end":{"line":106,"column":28}},"loc":{"start":{"line":106,"column":40},"end":{"line":109,"column":1}},"line":106},"14":{"name":"(anonymous_14)","decl":{"start":{"line":107,"column":22},"end":{"line":107,"column":23}},"loc":{"start":{"line":107,"column":31},"end":{"line":107,"column":64}},"line":107},"15":{"name":"(anonymous_15)","decl":{"start":{"line":108,"column":19},"end":{"line":108,"column":20}},"loc":{"start":{"line":108,"column":33},"end":{"line":108,"column":68}},"line":108}},"branchMap":{"0":{"loc":{"start":{"line":47,"column":8},"end":{"line":49,"column":9}},"type":"if","locations":[{"start":{"line":47,"column":8},"end":{"line":49,"column":9}},{"start":{"line":47,"column":8},"end":{"line":49,"column":9}}],"line":47},"1":{"loc":{"start":{"line":70,"column":11},"end":{"line":70,"column":65}},"type":"binary-expr","locations":[{"start":{"line":70,"column":11},"end":{"line":70,"column":51}},{"start":{"line":70,"column":55},"end":{"line":70,"column":65}}],"line":70},"2":{"loc":{"start":{"line":71,"column":11},"end":{"line":71,"column":95}},"type":"binary-expr","locations":[{"start":{"line":71,"column":11},"end":{"line":71,"column":51}},{"start":{"line":71,"column":55},"end":{"line":71,"column":95}}],"line":71}},"s":{"0":2,"1":2,"2":2,"3":0,"4":0,"5":0,"6":0,"7":1,"8":2,"9":2,"10":2,"11":0,"12":0,"13":2,"14":0,"15":0,"16":0,"17":0,"18":0,"19":0,"20":0,"21":0,"22":2,"23":0,"24":2,"25":2,"26":1,"27":1,"28":0,"29":1,"30":0,"31":0,"32":0},"f":{"0":2,"1":2,"2":0,"3":0,"4":2,"5":2,"6":0,"7":0,"8":0,"9":0,"10":2,"11":0,"12":0,"13":0,"14":0,"15":0},"b":{"0":[0,0],"1":[2,0],"2":[2,2]},"_coverageSchema":"43e27e138ebf9cfc5966b082cf9a028302ed4184","hash":"b4ed8f8f677f1701326c9e0b952ec2212ddd1d38"}
,"/Users/nathan/Turing/Mod4/twocents-fe/src/components/MenuScreen/MenuScreen.js": {"path":"/Users/nathan/Turing/Mod4/twocents-fe/src/components/MenuScreen/MenuScreen.js","statementMap":{"0":{"start":{"line":8,"column":4},"end":{"line":26,"column":6}},"1":{"start":{"line":11,"column":27},"end":{"line":11,"column":80}},"2":{"start":{"line":16,"column":27},"end":{"line":16,"column":84}},"3":{"start":{"line":21,"column":27},"end":{"line":21,"column":81}},"4":{"start":{"line":30,"column":15},"end":{"line":67,"column":2}}},"fnMap":{"0":{"name":"(anonymous_0)","decl":{"start":{"line":7,"column":2},"end":{"line":7,"column":3}},"loc":{"start":{"line":7,"column":11},"end":{"line":27,"column":3}},"line":7},"1":{"name":"(anonymous_1)","decl":{"start":{"line":11,"column":21},"end":{"line":11,"column":22}},"loc":{"start":{"line":11,"column":27},"end":{"line":11,"column":80}},"line":11},"2":{"name":"(anonymous_2)","decl":{"start":{"line":16,"column":21},"end":{"line":16,"column":22}},"loc":{"start":{"line":16,"column":27},"end":{"line":16,"column":84}},"line":16},"3":{"name":"(anonymous_3)","decl":{"start":{"line":21,"column":21},"end":{"line":21,"column":22}},"loc":{"start":{"line":21,"column":27},"end":{"line":21,"column":81}},"line":21}},"branchMap":{},"s":{"0":1,"1":0,"2":0,"3":0,"4":1},"f":{"0":1,"1":0,"2":0,"3":0},"b":{},"_coverageSchema":"43e27e138ebf9cfc5966b082cf9a028302ed4184","hash":"5030f3ab8ba786d503b1aaf0153c90ed445b12d7"}
,"/Users/nathan/Turing/Mod4/twocents-fe/src/components/MiniRec/MiniRec.js": {"path":"/Users/nathan/Turing/Mod4/twocents-fe/src/components/MiniRec/MiniRec.js","statementMap":{"0":{"start":{"line":7,"column":4},"end":{"line":7,"column":11}},"1":{"start":{"line":9,"column":29},"end":{"line":11,"column":3}},"2":{"start":{"line":14,"column":31},"end":{"line":14,"column":56}},"3":{"start":{"line":15,"column":4},"end":{"line":22,"column":5}},"4":{"start":{"line":16,"column":47},"end":{"line":16,"column":170}},"5":{"start":{"line":26,"column":15},"end":{"line":45,"column":2}}},"fnMap":{"0":{"name":"(anonymous_0)","decl":{"start":{"line":6,"column":2},"end":{"line":6,"column":3}},"loc":{"start":{"line":6,"column":16},"end":{"line":8,"column":3}},"line":6},"1":{"name":"(anonymous_1)","decl":{"start":{"line":13,"column":2},"end":{"line":13,"column":3}},"loc":{"start":{"line":13,"column":11},"end":{"line":23,"column":3}},"line":13},"2":{"name":"(anonymous_2)","decl":{"start":{"line":16,"column":41},"end":{"line":16,"column":42}},"loc":{"start":{"line":16,"column":47},"end":{"line":16,"column":170}},"line":16}},"branchMap":{},"s":{"0":0,"1":1,"2":0,"3":0,"4":0,"5":1},"f":{"0":0,"1":0,"2":0},"b":{},"_coverageSchema":"43e27e138ebf9cfc5966b082cf9a028302ed4184","hash":"25614d4d6506027afb59925b011dfc6e88deeba9"}
,"/Users/nathan/Turing/Mod4/twocents-fe/src/components/SearchBar/SearchBar.js": {"path":"/Users/nathan/Turing/Mod4/twocents-fe/src/components/SearchBar/SearchBar.js","statementMap":{"0":{"start":{"line":6,"column":4},"end":{"line":6,"column":16}},"1":{"start":{"line":7,"column":4},"end":{"line":9,"column":5}},"2":{"start":{"line":12,"column":25},"end":{"line":14,"column":5}},"3":{"start":{"line":13,"column":6},"end":{"line":13,"column":41}},"4":{"start":{"line":15,"column":25},"end":{"line":18,"column":5}},"5":{"start":{"line":16,"column":6},"end":{"line":16,"column":32}},"6":{"start":{"line":17,"column":6},"end":{"line":17,"column":51}},"7":{"start":{"line":21,"column":4},"end":{"line":32,"column":6}},"8":{"start":{"line":36,"column":15},"end":{"line":49,"column":2}}},"fnMap":{"0":{"name":"(anonymous_0)","decl":{"start":{"line":5,"column":2},"end":{"line":5,"column":3}},"loc":{"start":{"line":5,"column":21},"end":{"line":10,"column":3}},"line":5},"1":{"name":"(anonymous_1)","decl":{"start":{"line":11,"column":2},"end":{"line":11,"column":3}},"loc":{"start":{"line":11,"column":11},"end":{"line":33,"column":3}},"line":11},"2":{"name":"(anonymous_2)","decl":{"start":{"line":12,"column":25},"end":{"line":12,"column":26}},"loc":{"start":{"line":12,"column":40},"end":{"line":14,"column":5}},"line":12},"3":{"name":"(anonymous_3)","decl":{"start":{"line":15,"column":25},"end":{"line":15,"column":26}},"loc":{"start":{"line":15,"column":31},"end":{"line":18,"column":5}},"line":15}},"branchMap":{},"s":{"0":1,"1":1,"2":1,"3":0,"4":1,"5":0,"6":0,"7":1,"8":2},"f":{"0":1,"1":1,"2":0,"3":0},"b":{},"_coverageSchema":"43e27e138ebf9cfc5966b082cf9a028302ed4184","hash":"34b541cc09b1c8400a29725b3d844ff7d95037a9"}
,"/Users/nathan/Turing/Mod4/twocents-fe/src/components/SearchBar/SearchBarCallAPI.js": {"path":"/Users/nathan/Turing/Mod4/twocents-fe/src/components/SearchBar/SearchBarCallAPI.js","statementMap":{"0":{"start":{"line":7,"column":4},"end":{"line":7,"column":16}},"1":{"start":{"line":8,"column":4},"end":{"line":12,"column":5}},"2":{"start":{"line":15,"column":21},"end":{"line":17,"column":3}},"3":{"start":{"line":16,"column":4},"end":{"line":16,"column":38}},"4":{"start":{"line":19,"column":24},"end":{"line":21,"column":3}},"5":{"start":{"line":20,"column":4},"end":{"line":20,"column":41}},"6":{"start":{"line":23,"column":17},"end":{"line":35,"column":3}},"7":{"start":{"line":24,"column":4},"end":{"line":24,"column":27}},"8":{"start":{"line":25,"column":4},"end":{"line":33,"column":5}},"9":{"start":{"line":26,"column":6},"end":{"line":26,"column":54}},"10":{"start":{"line":28,"column":6},"end":{"line":32,"column":7}},"11":{"start":{"line":29,"column":8},"end":{"line":29,"column":109}},"12":{"start":{"line":31,"column":8},"end":{"line":31,"column":74}},"13":{"start":{"line":34,"column":4},"end":{"line":34,"column":58}},"14":{"start":{"line":38,"column":4},"end":{"line":57,"column":6}},"15":{"start":{"line":61,"column":15},"end":{"line":74,"column":2}},"16":{"start":{"line":76,"column":24},"end":{"line":78,"column":2}},"17":{"start":{"line":76,"column":34},"end":{"line":78,"column":1}}},"fnMap":{"0":{"name":"(anonymous_0)","decl":{"start":{"line":6,"column":2},"end":{"line":6,"column":3}},"loc":{"start":{"line":6,"column":21},"end":{"line":13,"column":3}},"line":6},"1":{"name":"(anonymous_1)","decl":{"start":{"line":15,"column":21},"end":{"line":15,"column":22}},"loc":{"start":{"line":15,"column":36},"end":{"line":17,"column":3}},"line":15},"2":{"name":"(anonymous_2)","decl":{"start":{"line":19,"column":24},"end":{"line":19,"column":25}},"loc":{"start":{"line":19,"column":39},"end":{"line":21,"column":3}},"line":19},"3":{"name":"(anonymous_3)","decl":{"start":{"line":23,"column":17},"end":{"line":23,"column":18}},"loc":{"start":{"line":23,"column":23},"end":{"line":35,"column":3}},"line":23},"4":{"name":"(anonymous_4)","decl":{"start":{"line":37,"column":2},"end":{"line":37,"column":3}},"loc":{"start":{"line":37,"column":11},"end":{"line":58,"column":3}},"line":37},"5":{"name":"(anonymous_5)","decl":{"start":{"line":76,"column":24},"end":{"line":76,"column":25}},"loc":{"start":{"line":76,"column":34},"end":{"line":78,"column":1}},"line":76}},"branchMap":{"0":{"loc":{"start":{"line":25,"column":4},"end":{"line":33,"column":5}},"type":"if","locations":[{"start":{"line":25,"column":4},"end":{"line":33,"column":5}},{"start":{"line":25,"column":4},"end":{"line":33,"column":5}}],"line":25},"1":{"loc":{"start":{"line":25,"column":7},"end":{"line":25,"column":46}},"type":"binary-expr","locations":[{"start":{"line":25,"column":7},"end":{"line":25,"column":23}},{"start":{"line":25,"column":27},"end":{"line":25,"column":46}}],"line":25},"2":{"loc":{"start":{"line":28,"column":6},"end":{"line":32,"column":7}},"type":"if","locations":[{"start":{"line":28,"column":6},"end":{"line":32,"column":7}},{"start":{"line":28,"column":6},"end":{"line":32,"column":7}}],"line":28}},"s":{"0":1,"1":1,"2":1,"3":0,"4":1,"5":0,"6":1,"7":0,"8":0,"9":0,"10":0,"11":0,"12":0,"13":0,"14":1,"15":2,"16":2,"17":0},"f":{"0":1,"1":0,"2":0,"3":0,"4":1,"5":0},"b":{"0":[0,0],"1":[0,0],"2":[0,0]},"_coverageSchema":"43e27e138ebf9cfc5966b082cf9a028302ed4184","hash":"86d2933e479e0c9400e32cfec0d626ce669f9b89"}
,"/Users/nathan/Turing/Mod4/twocents-fe/src/components/SearchScreen/SearchScreen.js": {"path":"/Users/nathan/Turing/Mod4/twocents-fe/src/components/SearchScreen/SearchScreen.js","statementMap":{"0":{"start":{"line":10,"column":4},"end":{"line":10,"column":12}},"1":{"start":{"line":11,"column":4},"end":{"line":15,"column":5}},"2":{"start":{"line":18,"column":21},"end":{"line":21,"column":3}},"3":{"start":{"line":19,"column":24},"end":{"line":19,"column":121}},"4":{"start":{"line":19,"column":68},"end":{"line":19,"column":120}},"5":{"start":{"line":20,"column":4},"end":{"line":20,"column":34}},"6":{"start":{"line":25,"column":33},"end":{"line":36,"column":3}},"7":{"start":{"line":26,"column":4},"end":{"line":35,"column":43}},"8":{"start":{"line":28,"column":6},"end":{"line":32,"column":7}},"9":{"start":{"line":29,"column":8},"end":{"line":29,"column":47}},"10":{"start":{"line":29,"column":24},"end":{"line":29,"column":46}},"11":{"start":{"line":31,"column":8},"end":{"line":31,"column":30}},"12":{"start":{"line":34,"column":18},"end":{"line":34,"column":64}},"13":{"start":{"line":35,"column":20},"end":{"line":35,"column":42}},"14":{"start":{"line":38,"column":32},"end":{"line":49,"column":3}},"15":{"start":{"line":39,"column":4},"end":{"line":48,"column":43}},"16":{"start":{"line":41,"column":6},"end":{"line":45,"column":7}},"17":{"start":{"line":42,"column":8},"end":{"line":42,"column":47}},"18":{"start":{"line":42,"column":24},"end":{"line":42,"column":46}},"19":{"start":{"line":44,"column":8},"end":{"line":44,"column":30}},"20":{"start":{"line":47,"column":18},"end":{"line":47,"column":64}},"21":{"start":{"line":48,"column":20},"end":{"line":48,"column":42}},"22":{"start":{"line":53,"column":21},"end":{"line":53,"column":50}},"23":{"start":{"line":54,"column":21},"end":{"line":61,"column":26}},"24":{"start":{"line":55,"column":4},"end":{"line":61,"column":25}},"25":{"start":{"line":58,"column":6},"end":{"line":58,"column":22}},"26":{"start":{"line":59,"column":6},"end":{"line":59,"column":79}},"27":{"start":{"line":63,"column":4},"end":{"line":67,"column":5}},"28":{"start":{"line":64,"column":6},"end":{"line":64,"column":72}},"29":{"start":{"line":66,"column":6},"end":{"line":66,"column":143}},"30":{"start":{"line":68,"column":4},"end":{"line":85,"column":6}},"31":{"start":{"line":71,"column":43},"end":{"line":71,"column":96}},"32":{"start":{"line":74,"column":43},"end":{"line":74,"column":97}},"33":{"start":{"line":89,"column":15},"end":{"line":131,"column":2}},"34":{"start":{"line":133,"column":31},"end":{"line":136,"column":2}},"35":{"start":{"line":133,"column":41},"end":{"line":136,"column":1}}},"fnMap":{"0":{"name":"(anonymous_0)","decl":{"start":{"line":9,"column":2},"end":{"line":9,"column":3}},"loc":{"start":{"line":9,"column":15},"end":{"line":16,"column":3}},"line":9},"1":{"name":"(anonymous_1)","decl":{"start":{"line":18,"column":21},"end":{"line":18,"column":22}},"loc":{"start":{"line":18,"column":32},"end":{"line":21,"column":3}},"line":18},"2":{"name":"(anonymous_2)","decl":{"start":{"line":19,"column":61},"end":{"line":19,"column":62}},"loc":{"start":{"line":19,"column":68},"end":{"line":19,"column":120}},"line":19},"3":{"name":"(anonymous_3)","decl":{"start":{"line":25,"column":33},"end":{"line":25,"column":34}},"loc":{"start":{"line":25,"column":58},"end":{"line":36,"column":3}},"line":25},"4":{"name":"(anonymous_4)","decl":{"start":{"line":27,"column":10},"end":{"line":27,"column":11}},"loc":{"start":{"line":27,"column":22},"end":{"line":33,"column":5}},"line":27},"5":{"name":"(anonymous_5)","decl":{"start":{"line":29,"column":15},"end":{"line":29,"column":16}},"loc":{"start":{"line":29,"column":24},"end":{"line":29,"column":46}},"line":29},"6":{"name":"(anonymous_6)","decl":{"start":{"line":34,"column":10},"end":{"line":34,"column":11}},"loc":{"start":{"line":34,"column":18},"end":{"line":34,"column":64}},"line":34},"7":{"name":"(anonymous_7)","decl":{"start":{"line":35,"column":11},"end":{"line":35,"column":12}},"loc":{"start":{"line":35,"column":20},"end":{"line":35,"column":42}},"line":35},"8":{"name":"(anonymous_8)","decl":{"start":{"line":38,"column":32},"end":{"line":38,"column":33}},"loc":{"start":{"line":38,"column":59},"end":{"line":49,"column":3}},"line":38},"9":{"name":"(anonymous_9)","decl":{"start":{"line":40,"column":10},"end":{"line":40,"column":11}},"loc":{"start":{"line":40,"column":22},"end":{"line":46,"column":5}},"line":40},"10":{"name":"(anonymous_10)","decl":{"start":{"line":42,"column":15},"end":{"line":42,"column":16}},"loc":{"start":{"line":42,"column":24},"end":{"line":42,"column":46}},"line":42},"11":{"name":"(anonymous_11)","decl":{"start":{"line":47,"column":10},"end":{"line":47,"column":11}},"loc":{"start":{"line":47,"column":18},"end":{"line":47,"column":64}},"line":47},"12":{"name":"(anonymous_12)","decl":{"start":{"line":48,"column":11},"end":{"line":48,"column":12}},"loc":{"start":{"line":48,"column":20},"end":{"line":48,"column":42}},"line":48},"13":{"name":"(anonymous_13)","decl":{"start":{"line":51,"column":2},"end":{"line":51,"column":3}},"loc":{"start":{"line":51,"column":11},"end":{"line":86,"column":3}},"line":51},"14":{"name":"(anonymous_14)","decl":{"start":{"line":54,"column":50},"end":{"line":54,"column":51}},"loc":{"start":{"line":55,"column":4},"end":{"line":61,"column":25}},"line":55},"15":{"name":"(anonymous_15)","decl":{"start":{"line":57,"column":15},"end":{"line":57,"column":16}},"loc":{"start":{"line":57,"column":21},"end":{"line":59,"column":80}},"line":57},"16":{"name":"(anonymous_16)","decl":{"start":{"line":71,"column":37},"end":{"line":71,"column":38}},"loc":{"start":{"line":71,"column":43},"end":{"line":71,"column":96}},"line":71},"17":{"name":"(anonymous_17)","decl":{"start":{"line":74,"column":37},"end":{"line":74,"column":38}},"loc":{"start":{"line":74,"column":43},"end":{"line":74,"column":97}},"line":74},"18":{"name":"(anonymous_18)","decl":{"start":{"line":133,"column":31},"end":{"line":133,"column":32}},"loc":{"start":{"line":133,"column":41},"end":{"line":136,"column":1}},"line":133}},"branchMap":{"0":{"loc":{"start":{"line":28,"column":6},"end":{"line":32,"column":7}},"type":"if","locations":[{"start":{"line":28,"column":6},"end":{"line":32,"column":7}},{"start":{"line":28,"column":6},"end":{"line":32,"column":7}}],"line":28},"1":{"loc":{"start":{"line":41,"column":6},"end":{"line":45,"column":7}},"type":"if","locations":[{"start":{"line":41,"column":6},"end":{"line":45,"column":7}},{"start":{"line":41,"column":6},"end":{"line":45,"column":7}}],"line":41},"2":{"loc":{"start":{"line":63,"column":4},"end":{"line":67,"column":5}},"type":"if","locations":[{"start":{"line":63,"column":4},"end":{"line":67,"column":5}},{"start":{"line":63,"column":4},"end":{"line":67,"column":5}}],"line":63},"3":{"loc":{"start":{"line":72,"column":26},"end":{"line":72,"column":103}},"type":"cond-expr","locations":[{"start":{"line":72,"column":62},"end":{"line":72,"column":79}},{"start":{"line":72,"column":82},"end":{"line":72,"column":103}}],"line":72},"4":{"loc":{"start":{"line":75,"column":26},"end":{"line":75,"column":103}},"type":"cond-expr","locations":[{"start":{"line":75,"column":62},"end":{"line":75,"column":83}},{"start":{"line":75,"column":86},"end":{"line":75,"column":103}}],"line":75},"5":{"loc":{"start":{"line":82,"column":17},"end":{"line":82,"column":74}},"type":"cond-expr","locations":[{"start":{"line":82,"column":52},"end":{"line":82,"column":61}},{"start":{"line":82,"column":64},"end":{"line":82,"column":74}}],"line":82}},"s":{"0":1,"1":1,"2":1,"3":0,"4":0,"5":0,"6":1,"7":0,"8":0,"9":0,"10":0,"11":0,"12":0,"13":0,"14":1,"15":0,"16":0,"17":0,"18":0,"19":0,"20":0,"21":0,"22":1,"23":1,"24":0,"25":0,"26":0,"27":1,"28":1,"29":0,"30":1,"31":0,"32":0,"33":1,"34":1,"35":0},"f":{"0":1,"1":0,"2":0,"3":0,"4":0,"5":0,"6":0,"7":0,"8":0,"9":0,"10":0,"11":0,"12":0,"13":1,"14":0,"15":0,"16":0,"17":0,"18":0},"b":{"0":[0,0],"1":[0,0],"2":[1,0],"3":[0,1],"4":[0,1],"5":[1,0]},"_coverageSchema":"43e27e138ebf9cfc5966b082cf9a028302ed4184","hash":"c45839c59c0b775110999a8d4b0fcc29976691ec"}
,"/Users/nathan/Turing/Mod4/twocents-fe/src/components/SettingsScreen/SettingsScreen.js": {"path":"/Users/nathan/Turing/Mod4/twocents-fe/src/components/SettingsScreen/SettingsScreen.js","statementMap":{"0":{"start":{"line":5,"column":29},"end":{"line":13,"column":3}},"1":{"start":{"line":6,"column":4},"end":{"line":12,"column":6}},"2":{"start":{"line":16,"column":4},"end":{"line":20,"column":6}},"3":{"start":{"line":24,"column":15},"end":{"line":35,"column":2}}},"fnMap":{"0":{"name":"(anonymous_0)","decl":{"start":{"line":5,"column":29},"end":{"line":5,"column":30}},"loc":{"start":{"line":5,"column":49},"end":{"line":13,"column":3}},"line":5},"1":{"name":"(anonymous_1)","decl":{"start":{"line":15,"column":2},"end":{"line":15,"column":3}},"loc":{"start":{"line":15,"column":11},"end":{"line":21,"column":3}},"line":15}},"branchMap":{},"s":{"0":1,"1":0,"2":1,"3":1},"f":{"0":0,"1":1},"b":{},"_coverageSchema":"43e27e138ebf9cfc5966b082cf9a028302ed4184","hash":"f9a11aff5a486cf80165b4ed141f176667f46b2a"}
,"/Users/nathan/Turing/Mod4/twocents-fe/src/images/Yelp_trademark_RGB_outline.png": {"path":"/Users/nathan/Turing/Mod4/twocents-fe/src/images/Yelp_trademark_RGB_outline.png","statementMap":{"0":{"start":{"line":1,"column":0},"end":{"line":4,"column":6}}},"fnMap":{},"branchMap":{},"s":{"0":1},"f":{},"b":{},"_coverageSchema":"43e27e138ebf9cfc5966b082cf9a028302ed4184","hash":"2eb27620f111fe07a4ac65a823346d7f6c714130"}
,"/Users/nathan/Turing/Mod4/twocents-fe/src/images/twocents-logo.png": {"path":"/Users/nathan/Turing/Mod4/twocents-fe/src/images/twocents-logo.png","statementMap":{"0":{"start":{"line":1,"column":0},"end":{"line":4,"column":6}}},"fnMap":{},"branchMap":{},"s":{"0":1},"f":{},"b":{},"_coverageSchema":"43e27e138ebf9cfc5966b082cf9a028302ed4184","hash":"d238ab26f835fdaf5ce28b6f82cc3e5ee211d352"}
,"/Users/nathan/Turing/Mod4/twocents-fe/utils/APICalls.js": {"path":"/Users/nathan/Turing/Mod4/twocents-fe/utils/APICalls.js","statementMap":{"0":{"start":{"line":3,"column":37},"end":{"line":7,"column":1}},"1":{"start":{"line":4,"column":2},"end":{"line":6,"column":23}},"2":{"start":{"line":5,"column":17},"end":{"line":5,"column":27}},"3":{"start":{"line":6,"column":18},"end":{"line":6,"column":22}},"4":{"start":{"line":9,"column":37},"end":{"line":21,"column":1}},"5":{"start":{"line":10,"column":2},"end":{"line":20,"column":56}},"6":{"start":{"line":12,"column":4},"end":{"line":16,"column":5}},"7":{"start":{"line":13,"column":6},"end":{"line":13,"column":59}},"8":{"start":{"line":13,"column":22},"end":{"line":13,"column":58}},"9":{"start":{"line":15,"column":6},"end":{"line":15,"column":29}},"10":{"start":{"line":18,"column":16},"end":{"line":18,"column":20}},"11":{"start":{"line":19,"column":14},"end":{"line":19,"column":42}},"12":{"start":{"line":20,"column":18},"end":{"line":20,"column":54}},"13":{"start":{"line":23,"column":38},"end":{"line":35,"column":1}},"14":{"start":{"line":24,"column":2},"end":{"line":34,"column":57}},"15":{"start":{"line":26,"column":6},"end":{"line":30,"column":7}},"16":{"start":{"line":27,"column":8},"end":{"line":27,"column":61}},"17":{"start":{"line":27,"column":24},"end":{"line":27,"column":60}},"18":{"start":{"line":29,"column":8},"end":{"line":29,"column":30}},"19":{"start":{"line":32,"column":18},"end":{"line":32,"column":33}},"20":{"start":{"line":33,"column":16},"end":{"line":33,"column":44}},"21":{"start":{"line":34,"column":20},"end":{"line":34,"column":56}}},"fnMap":{"0":{"name":"(anonymous_0)","decl":{"start":{"line":3,"column":37},"end":{"line":3,"column":38}},"loc":{"start":{"line":3,"column":49},"end":{"line":7,"column":1}},"line":3},"1":{"name":"(anonymous_1)","decl":{"start":{"line":5,"column":10},"end":{"line":5,"column":11}},"loc":{"start":{"line":5,"column":17},"end":{"line":5,"column":27}},"line":5},"2":{"name":"(anonymous_2)","decl":{"start":{"line":6,"column":10},"end":{"line":6,"column":11}},"loc":{"start":{"line":6,"column":18},"end":{"line":6,"column":22}},"line":6},"3":{"name":"(anonymous_3)","decl":{"start":{"line":9,"column":37},"end":{"line":9,"column":38}},"loc":{"start":{"line":9,"column":58},"end":{"line":21,"column":1}},"line":9},"4":{"name":"(anonymous_4)","decl":{"start":{"line":11,"column":8},"end":{"line":11,"column":9}},"loc":{"start":{"line":11,"column":20},"end":{"line":17,"column":3}},"line":11},"5":{"name":"(anonymous_5)","decl":{"start":{"line":13,"column":13},"end":{"line":13,"column":14}},"loc":{"start":{"line":13,"column":22},"end":{"line":13,"column":58}},"line":13},"6":{"name":"(anonymous_6)","decl":{"start":{"line":18,"column":8},"end":{"line":18,"column":9}},"loc":{"start":{"line":18,"column":16},"end":{"line":18,"column":20}},"line":18},"7":{"name":"(anonymous_7)","decl":{"start":{"line":19,"column":8},"end":{"line":19,"column":9}},"loc":{"start":{"line":19,"column":14},"end":{"line":19,"column":42}},"line":19},"8":{"name":"(anonymous_8)","decl":{"start":{"line":20,"column":9},"end":{"line":20,"column":10}},"loc":{"start":{"line":20,"column":18},"end":{"line":20,"column":54}},"line":20},"9":{"name":"(anonymous_9)","decl":{"start":{"line":23,"column":38},"end":{"line":23,"column":39}},"loc":{"start":{"line":23,"column":65},"end":{"line":35,"column":1}},"line":23},"10":{"name":"(anonymous_10)","decl":{"start":{"line":25,"column":10},"end":{"line":25,"column":11}},"loc":{"start":{"line":25,"column":22},"end":{"line":31,"column":5}},"line":25},"11":{"name":"(anonymous_11)","decl":{"start":{"line":27,"column":15},"end":{"line":27,"column":16}},"loc":{"start":{"line":27,"column":24},"end":{"line":27,"column":60}},"line":27},"12":{"name":"(anonymous_12)","decl":{"start":{"line":32,"column":10},"end":{"line":32,"column":11}},"loc":{"start":{"line":32,"column":18},"end":{"line":32,"column":33}},"line":32},"13":{"name":"(anonymous_13)","decl":{"start":{"line":33,"column":10},"end":{"line":33,"column":11}},"loc":{"start":{"line":33,"column":16},"end":{"line":33,"column":44}},"line":33},"14":{"name":"(anonymous_14)","decl":{"start":{"line":34,"column":11},"end":{"line":34,"column":12}},"loc":{"start":{"line":34,"column":20},"end":{"line":34,"column":56}},"line":34}},"branchMap":{"0":{"loc":{"start":{"line":12,"column":4},"end":{"line":16,"column":5}},"type":"if","locations":[{"start":{"line":12,"column":4},"end":{"line":16,"column":5}},{"start":{"line":12,"column":4},"end":{"line":16,"column":5}}],"line":12},"1":{"loc":{"start":{"line":26,"column":6},"end":{"line":30,"column":7}},"type":"if","locations":[{"start":{"line":26,"column":6},"end":{"line":30,"column":7}},{"start":{"line":26,"column":6},"end":{"line":30,"column":7}}],"line":26}},"s":{"0":2,"1":2,"2":0,"3":0,"4":2,"5":0,"6":0,"7":0,"8":0,"9":0,"10":0,"11":0,"12":0,"13":2,"14":0,"15":0,"16":0,"17":0,"18":0,"19":0,"20":0,"21":0},"f":{"0":2,"1":0,"2":0,"3":0,"4":0,"5":0,"6":0,"7":0,"8":0,"9":0,"10":0,"11":0,"12":0,"13":0,"14":0},"b":{"0":[0,0],"1":[0,0]},"_coverageSchema":"43e27e138ebf9cfc5966b082cf9a028302ed4184","hash":"5e2fea9bb1f45e0334a3e55fa483bb9e11bca383"}
}
